This is e-pTeX, Version 3.14159265-p3.8.1-180226-2.6 (utf8.sjis) (TeX Live 2018/W32TeX) (preloaded format=platex 2018.5.12)  11 MAR 2019 10:12
entering extended mode
 restricted \write18 enabled.
 %&-line parsing enabled.
**1gen.tex
(./1gen.tex
pLaTeX2e <2018-04-01>+2 (based on LaTeX2e <2018-04-01> patch level 4)
(c:/w32tex/share/texmf-dist/tex/platex/base/jarticle.cls
Document Class: jarticle 2018/02/04 v1.7h Standard pLaTeX class
\c@@paper=\count83
(c:/w32tex/share/texmf-dist/tex/platex/base/jsize10.clo
File: jsize10.clo 2018/02/04 v1.7h Standard pLaTeX file (size option)
)
\c@part=\count84
\c@section=\count85
\c@subsection=\count86
\c@subsubsection=\count87
\c@paragraph=\count88
\c@subparagraph=\count89
\c@figure=\count90
\c@table=\count91
\abovecaptionskip=\skip41
\belowcaptionskip=\skip42
\symmincho=\mathgroup4
LaTeX Font Info:    Overwriting symbol font `mincho' in version `bold'
(Font)                  JY1/mc/m/n --> JY1/gt/m/n on input line 614.
\toclineskip=\dimen118
\@lnumwidth=\dimen119
\bibindent=\dimen120
\heisei=\count92
)
(c:/w32tex/share/texmf-dist/tex/latex/tools/multicol.sty
Package: multicol 2018/04/20 v1.8s multicolumn formatting (FMi)
\c@tracingmulticols=\count93
\mult@box=\box42
\multicol@leftmargin=\dimen121
\c@unbalance=\count94
\c@collectmore=\count95
\doublecol@number=\count96
\multicoltolerance=\count97
\multicolpretolerance=\count98
\full@width=\dimen122
\page@free=\dimen123
\premulticols=\dimen124
\postmulticols=\dimen125
\multicolsep=\skip43
\multicolbaselineskip=\skip44
\partial@page=\box43
\last@line=\box44
\maxbalancingoverflow=\dimen126
\mult@rightbox=\box45
\mult@grightbox=\box46
\mult@gfirstbox=\box47
\mult@firstbox=\box48
\@tempa=\box49
\@tempa=\box50
\@tempa=\box51
\@tempa=\box52
\@tempa=\box53
\@tempa=\box54
\@tempa=\box55
\@tempa=\box56
\@tempa=\box57
\@tempa=\box58
\@tempa=\box59
\@tempa=\box60
\@tempa=\box61
\@tempa=\box62
\@tempa=\box63
\@tempa=\box64
\@tempa=\box65
\c@columnbadness=\count99
\c@finalcolumnbadness=\count100
\last@try=\dimen127
\multicolovershoot=\dimen128
\multicolundershoot=\dimen129
\mult@nat@firstbox=\box66
\colbreak@box=\box67
\mc@col@check@num=\count101
)
(c:/w32tex/share/texmf-dist/tex/latex/tools/bm.sty
Package: bm 2017/01/16 v1.2c Bold Symbol Support (DPC/FMi)
\symboldoperators=\mathgroup5
\symboldletters=\mathgroup6
\symboldsymbols=\mathgroup7
\symboldmincho=\mathgroup8
LaTeX Font Info:    Redeclaring math alphabet \mathbf on input line 141.
LaTeX Info: Redefining \bm on input line 207.
)
(c:/w32tex/share/texmf-dist/tex/latex/amsmath/amsmath.sty
Package: amsmath 2017/09/02 v2.17a AMS math features
\@mathmargin=\skip45

For additional information on amsmath, use the `?' option.
(c:/w32tex/share/texmf-dist/tex/latex/amsmath/amstext.sty
Package: amstext 2000/06/29 v2.01 AMS text

(c:/w32tex/share/texmf-dist/tex/latex/amsmath/amsgen.sty
File: amsgen.sty 1999/11/30 v2.0 generic functions
\@emptytoks=\toks15
\ex@=\dimen130
))
(c:/w32tex/share/texmf-dist/tex/latex/amsmath/amsbsy.sty
Package: amsbsy 1999/11/29 v1.2d Bold Symbols
LaTeX Info: Redefining \boldsymbol on input line 28.
\pmbraise@=\dimen131
)
(c:/w32tex/share/texmf-dist/tex/latex/amsmath/amsopn.sty
Package: amsopn 2016/03/08 v2.02 operator names
)
\inf@bad=\count102
LaTeX Info: Redefining \frac on input line 213.
\uproot@=\count103
\leftroot@=\count104
LaTeX Info: Redefining \overline on input line 375.
\classnum@=\count105
\DOTSCASE@=\count106
LaTeX Info: Redefining \ldots on input line 472.
LaTeX Info: Redefining \dots on input line 475.
LaTeX Info: Redefining \cdots on input line 596.
\Mathstrutbox@=\box68
\strutbox@=\box69
\big@size=\dimen132
LaTeX Font Info:    Redeclaring font encoding OML on input line 712.
LaTeX Font Info:    Redeclaring font encoding OMS on input line 713.
\macc@depth=\count107
\c@MaxMatrixCols=\count108
\dotsspace@=\muskip10
\c@parentequation=\count109
\dspbrk@lvl=\count110
\tag@help=\toks16
\row@=\count111
\column@=\count112
\maxfields@=\count113
\andhelp@=\toks17
\eqnshift@=\dimen133
\alignsep@=\dimen134
\tagshift@=\dimen135
\tagwidth@=\dimen136
\totwidth@=\dimen137
\lineht@=\dimen138
\@envbody=\toks18
\multlinegap=\skip46
\multlinetaggap=\skip47
\mathdisplay@stack=\toks19
LaTeX Info: Redefining \[ on input line 2817.
LaTeX Info: Redefining \] on input line 2818.
)
(c:/w32tex/share/texmf-dist/tex/latex/amsfonts/amssymb.sty
Package: amssymb 2013/01/14 v3.01 AMS font symbols

(c:/w32tex/share/texmf-dist/tex/latex/amsfonts/amsfonts.sty
Package: amsfonts 2013/01/14 v3.01 Basic AMSFonts support
\symAMSa=\mathgroup9
\symAMSb=\mathgroup10
LaTeX Font Info:    Overwriting math alphabet `\mathfrak' in version `bold'
(Font)                  U/euf/m/n --> U/euf/b/n on input line 106.
))
(c:/w32tex/share/texmf-dist/tex/latex/graphics/color.sty
Package: color 2016/07/10 v1.1e Standard LaTeX Color (DPC)

(c:/w32tex/share/texmf-dist/tex/latex/graphics-cfg/color.cfg
File: color.cfg 2016/01/02 v1.6 sample color configuration
)
Package color Info: Driver file: dvips.def on input line 147.

(c:/w32tex/share/texmf-dist/tex/latex/graphics-def/dvips.def
File: dvips.def 2017/06/20 v3.1d Graphics/color driver for dvips
)
(c:/w32tex/share/texmf-dist/tex/latex/graphics/dvipsnam.def
File: dvipsnam.def 2016/06/17 v3.0m Driver-dependent file (DPC,SPQR)
))
(c:/w32tex/share/texmf-dist/tex/latex/comment/comment.sty
\CommentStream=\write3

Excluding comment 'comment')
(c:/w32tex/share/texmf-dist/tex/latex/graphics/graphicx.sty
Package: graphicx 2017/06/01 v1.1a Enhanced LaTeX Graphics (DPC,SPQR)

(c:/w32tex/share/texmf-dist/tex/latex/graphics/keyval.sty
Package: keyval 2014/10/28 v1.15 key=value parser (DPC)
\KV@toks@=\toks20
)
(c:/w32tex/share/texmf-dist/tex/latex/graphics/graphics.sty
Package: graphics 2017/06/25 v1.2c Standard LaTeX Graphics (DPC,SPQR)

(c:/w32tex/share/texmf-dist/tex/latex/graphics/trig.sty
Package: trig 2016/01/03 v1.10 sin cos tan (DPC)
)
(c:/w32tex/share/texmf-dist/tex/latex/graphics-cfg/graphics.cfg
File: graphics.cfg 2016/06/04 v1.11 sample graphics configuration
)
Package graphics Info: Driver file: dvipdfmx.def on input line 99.

(c:/w32tex/share/texmf-dist/tex/latex/graphics-def/dvipdfmx.def
File: dvipdfmx.def 2017/06/24 v5.0g Graphics/color driver for dvipdfmx
))
\Gin@req@height=\dimen139
\Gin@req@width=\dimen140
)
(c:/w32tex/share/texmf-dist/tex/latex/listings/listings.sty
\lst@mode=\count114
\lst@gtempboxa=\box70
\lst@token=\toks21
\lst@length=\count115
\lst@currlwidth=\dimen141
\lst@column=\count116
\lst@pos=\count117
\lst@lostspace=\dimen142
\lst@width=\dimen143
\lst@newlines=\count118
\lst@lineno=\count119
\lst@maxwidth=\dimen144

(c:/w32tex/share/texmf-dist/tex/latex/listings/lstmisc.sty
File: lstmisc.sty 2015/06/04 1.6 (Carsten Heinz)
\c@lstnumber=\count120
\lst@skipnumbers=\count121
\lst@framebox=\box71
)
(c:/w32tex/share/texmf-dist/tex/latex/listings/listings.cfg
File: listings.cfg 2015/06/04 1.6 listings configuration
))
Package: listings 2015/06/04 1.6 (Carsten Heinz)

No file 1gen.aux.
\openout1 = `1gen.aux'.

LaTeX Font Info:    Checking defaults for OML/cmm/m/it on input line 40.
LaTeX Font Info:    ... okay on input line 40.
LaTeX Font Info:    Checking defaults for T1/cmr/m/n on input line 40.
LaTeX Font Info:    ... okay on input line 40.
LaTeX Font Info:    Checking defaults for OT1/cmr/m/n on input line 40.
LaTeX Font Info:    ... okay on input line 40.
LaTeX Font Info:    Checking defaults for OMS/cmsy/m/n on input line 40.
LaTeX Font Info:    ... okay on input line 40.
LaTeX Font Info:    Checking defaults for OMX/cmex/m/n on input line 40.
LaTeX Font Info:    ... okay on input line 40.
LaTeX Font Info:    Checking defaults for U/cmr/m/n on input line 40.
LaTeX Font Info:    ... okay on input line 40.
LaTeX Font Info:    Checking defaults for JY1/mc/m/n on input line 40.
LaTeX Font Info:    ... okay on input line 40.
LaTeX Font Info:    Checking defaults for JT1/mc/m/n on input line 40.
LaTeX Font Info:    ... okay on input line 40.
\c@lstlisting=\count122
LaTeX Font Info:    Font shape `JT1/mc/bx/n' in size <14.4> not available
(Font)              Font shape `JT1/gt/m/n' tried instead on input line 42.
LaTeX Font Info:    Font shape `JY1/mc/bx/n' in size <14.4> not available
(Font)              Font shape `JY1/gt/m/n' tried instead on input line 42.
LaTeX Font Info:    Font shape `JT1/mc/bx/n' in size <12> not available
(Font)              Font shape `JT1/gt/m/n' tried instead on input line 44.
LaTeX Font Info:    Font shape `JY1/mc/bx/n' in size <12> not available
(Font)              Font shape `JY1/gt/m/n' tried instead on input line 44.
(./Fig07-01.wtp
LaTeX Font Info:    Try loading font information for U+msa on input line 127.
 (c:/w32tex/share/texmf-dist/tex/latex/amsfonts/umsa.fd
File: umsa.fd 2013/01/14 v3.01 AMS symbols A
)
LaTeX Font Info:    Try loading font information for U+msb on input line 127.

(c:/w32tex/share/texmf-dist/tex/latex/amsfonts/umsb.fd
File: umsb.fd 2013/01/14 v3.01 AMS symbols B
)) (./Fig07-02.wtp)
LaTeX Font Info:    Font shape `JT1/mc/bx/n' in size <10> not available
(Font)              Font shape `JT1/gt/m/n' tried instead on input line 53.
LaTeX Font Info:    Font shape `JY1/mc/bx/n' in size <10> not available
(Font)              Font shape `JY1/gt/m/n' tried instead on input line 53.

[1

]
Overfull \hbox (4.27666pt too wide) in paragraph at lines 74--76
\JY1/mc/m/n/10 っ て埋め込まれた値を返すものとする 。 このとき出力サイズは $\OT
1/cmr/m/n/10 ([] +
 []

[2] [3]
LaTeX Font Info:    Try loading font information for OMS+cmr on input line 103.

 (c:/w32tex/share/texmf-dist/tex/latex/base/omscmr.fd
File: omscmr.fd 2014/09/29 v2.5h Standard LaTeX font definitions
)
LaTeX Font Info:    Font shape `OMS/cmr/m/n' in size <10> not available
(Font)              Font shape `OMS/cmsy/m/n' tried instead on input line 103.
 [4] [5] [6]
File: test1.png Graphic file (type bmp)
<test1.png>


LaTeX Warning: Reference `test1' on page 7 undefined on input line 200.

[7]
File: test2.png Graphic file (type bmp)
<test2.png>


LaTeX Warning: Reference `test2' on page 8 undefined on input line 241.

[8] [9]

LaTeX Warning: Reference `test3' on page 10 undefined on input line 275.

File: test3.png Graphic file (type bmp)
<test3.png>
[10]
File: optimize_mnist.png Graphic file (type bmp)
<optimize_mnist.png>
 [11]
File: histogram1.png Graphic file (type bmp)
<histogram1.png>
File: histogram2.png Graphic file (type bmp)
<histogram2.png>
File: histogram3.png Graphic file (type bmp)
<histogram3.png>
 [12] [13] [14]
Overfull \hbox (34.81743pt too wide) in paragraph at lines 358--359
[]\OT1/cmr/m/n/10 https://kratzert.github.io/2016/02/12/understanding-the-gradi
ent-flow-through-
 []

[15] [16] [17] [18] (./1gen.aux)

LaTeX Warning: There were undefined references.


LaTeX Warning: Label(s) may have changed. Rerun to get cross-references right.

 ) 
Here is how much of TeX's memory you used:
 3576 strings out of 493279
 45003 string characters out of 6146959
 176237 words of memory out of 5000000
 7462 multiletter control sequences out of 15000+600000
 14734 words of font info for 59 fonts, out of 8000000 for 9000
 929 hyphenation exceptions out of 8191
 27i,9n,32p,577b,1680s stack positions out of 5000i,500n,10000p,500000b,80000s

Output written on 1gen.dvi (18 pages, 60220 bytes).
